0x5500FFDF240EC694D19743AA
0x5500FF01AA												<--

0x550101AA
0x5501010224AA												<--

0x55025200AA
0x55025200003000010000000000000000000000AA					<--

0x550306AA
0x5503060000000001321E000000000000800000AA					<--

0x550406AA
0x5504060000000001321E000000000000800000AA					<--

0x55056E7EB43F5B302A0000AA
0x55056E00AA												<--

0x55065200AA
0x55065200003000010000000000000000000000AA					<--

0x550735C8AA
0x550735C80001C800AA										<--

0x550806AA
0x5508060000000001321E000000000000800000AA					<--

0x550903AA (start)
0x55090301AA												<--

0x550A06AA
0x550A060000000001321E000200000000800000AA					<--

0x550B5200AA
0x550B5200003000010000000000000000000000AA					<--

0x55265200AA
0x55265200003000010000000000000000000000AA					<--

0x552804AA
0x55280401AA												<--

0x552A5200AA
0x552A5200003000010000000000000000000000AA					<--

attr handle: 0x0001, end grp handle: 0x0007 uuid: 00001800-0000-1000-8000-00805f9b34fb
attr handle: 0x0008, end grp handle: 0x0008 uuid: 00001801-0000-1000-8000-00805f9b34fb
attr handle: 0x0009, end grp handle: 0xffff uuid: 6e400001-b5a3-f393-e0a9-e50e24dcca9e

handle: 0x0001, uuid: 00002800-0000-1000-8000-00805f9b34fb
handle: 0x0002, uuid: 00002803-0000-1000-8000-00805f9b34fb
handle: 0x0003, uuid: 00002a00-0000-1000-8000-00805f9b34fb
handle: 0x0004, uuid: 00002803-0000-1000-8000-00805f9b34fb
handle: 0x0005, uuid: 00002a01-0000-1000-8000-00805f9b34fb
handle: 0x0006, uuid: 00002803-0000-1000-8000-00805f9b34fb
handle: 0x0007, uuid: 00002a04-0000-1000-8000-00805f9b34fb
handle: 0x0008, uuid: 00002800-0000-1000-8000-00805f9b34fb
handle: 0x0009, uuid: 00002800-0000-1000-8000-00805f9b34fb
handle: 0x000a, uuid: 00002803-0000-1000-8000-00805f9b34fb
handle: 0x000b, uuid: 6e400003-b5a3-f393-e0a9-e50e24dcca9e
handle: 0x000c, uuid: 00002902-0000-1000-8000-00805f9b34fb
handle: 0x000d, uuid: 00002803-0000-1000-8000-00805f9b34fb
handle: 0x000e, uuid: 6e400002-b5a3-f393-e0a9-e50e24dcca9e
